<?xml version="1.0" encoding="UTF-8"?>
<!-- Generated by org.testng.reporters.JUnitReportReporter -->
<testsuite skipped="0" hostname="LAPTOP-SOAEM10R" name="com.qaminds.testget_apptive.Introduction" tests="1" failures="0" timestamp="2019-11-09T11:42:45 CST" time="2.358" errors="0">
  <testcase name="validationTest" time="2.358" classname="com.qaminds.testget_apptive.Introduction"/>
</testsuite> <!-- com.qaminds.testget_apptive.Introduction -->
